{
"src/contracts/ERC721Factory.sol":{"l":{"18":2,"19":2,"20":2},"path":"/Users/abhishekchadha/Desktop/crate-contrats/src/contracts/ERC721Factory.sol","s":{"1":2,"2":2,"3":2},"b":{},"f":{"1":3,"2":2},"fnMap":{"1":{"name":"constructor","line":10,"loc":{"start":{"line":10,"column":4},"end":{"line":10,"column":26}}},"2":{"name":"deployToken","line":14,"loc":{"start":{"line":14,"column":4},"end":{"line":21,"column":4}}}},"statementMap":{"1":{"start":{"line":18,"column":8},"end":{"line":18,"column":70}},"2":{"start":{"line":19,"column":8},"end":{"line":19,"column":42}},"3":{"start":{"line":20,"column":8},"end":{"line":20,"column":30}}},"branchMap":{}},
"src/contracts/interfaces/ISenderAccessControl.sol":{"l":{},"path":"/Users/abhishekchadha/Desktop/crate-contrats/src/contracts/interfaces/ISenderAccessControl.sol","s":{},"b":{},"f":{},"fnMap":{},"statementMap":{},"branchMap":{}},
"src/contracts/interfaces/ITopDownComposable.sol":{"l":{},"path":"/Users/abhishekchadha/Desktop/crate-contrats/src/contracts/interfaces/ITopDownComposable.sol","s":{},"b":{},"f":{},"fnMap":{},"statementMap":{},"branchMap":{}},
"src/contracts/NiftyCrate.sol":{"l":{"44":3,"45":3,"46":0,"51":2,"53":2,"54":2,"58":1,"70":157,"71":157,"73":157,"76":155,"79":155,"80":155,"81":155,"83":155,"86":155,"87":155,"89":155,"90":155,"91":155,"92":155,"97":155,"100":155,"109":155,"110":155,"113":155,"114":155,"119":0,"120":0,"121":0,"133":3,"134":3,"135":3,"136":3,"137":3,"138":3,"152":0,"156":0,"160":2,"161":2,"169":2,"177":0,"183":0,"184":0,"189":0,"190":0,"199":0,"208":0,"217":156,"218":156},"path":"/Users/abhishekchadha/Desktop/crate-contrats/src/contracts/NiftyCrate.sol","s":{"1":3,"2":3,"3":0,"4":2,"5":2,"6":2,"7":1,"8":157,"9":157,"10":157,"11":155,"12":155,"13":155,"14":155,"15":155,"16":155,"17":155,"18":155,"19":155,"20":155,"21":155,"22":155,"23":155,"24":155,"25":155,"26":0,"27":0,"28":0,"29":3,"30":3,"31":3,"32":3,"33":3,"34":3,"35":0,"36":0,"37":2,"38":2,"39":2,"40":0,"41":0,"42":0,"43":0,"44":0,"45":0,"46":0,"47":156,"48":156},"b":{"1":[3,0],"2":[0,3],"3":[2,0],"4":[157,0],"5":[157,0],"6":[155,2],"7":[155,0],"8":[155,0],"9":[155,0],"10":[155,0],"11":[155,0],"12":[155,0],"13":[155,0],"14":[0,0],"15":[0,0],"16":[3,0],"17":[0,0],"18":[0,0],"19":[0,0],"20":[0,0],"21":[156,0]},"f":{"1":3,"2":2,"3":1,"4":157,"5":0,"6":3,"7":0,"8":2,"9":2,"10":0,"11":0,"12":156},"fnMap":{"1":{"name":"constructor","line":43,"loc":{"start":{"line":39,"column":4},"end":{"line":48,"column":4}}},"2":{"name":"mint","line":50,"loc":{"start":{"line":50,"column":4},"end":{"line":55,"column":4}}},"3":{"name":"setCrateOpener","line":57,"loc":{"start":{"line":57,"column":4},"end":{"line":59,"column":4}}},"4":{"name":"open","line":64,"loc":{"start":{"line":64,"column":4},"end":{"line":116,"column":4}}},"5":{"name":"buy","line":118,"loc":{"start":{"line":118,"column":4},"end":{"line":122,"column":4}}},"6":{"name":"configure","line":126,"loc":{"start":{"line":126,"column":4},"end":{"line":145,"column":4}}},"7":{"name":"safeTransferAllChildren","line":147,"loc":{"start":{"line":147,"column":4},"end":{"line":157,"column":4}}},"8":{"name":"setFees","line":159,"loc":{"start":{"line":159,"column":4},"end":{"line":162,"column":4}}},"9":{"name":"setTokenIsEnabled","line":167,"loc":{"start":{"line":164,"column":4},"end":{"line":170,"column":4}}},"10":{"name":"setTokenRanking","line":172,"loc":{"start":{"line":172,"column":4},"end":{"line":200,"column":4}}},"11":{"name":"tokenIsEnabled","line":202,"loc":{"start":{"line":202,"column":4},"end":{"line":209,"column":4}}},"12":{"name":"onERC721Received","line":211,"loc":{"start":{"line":211,"column":4},"end":{"line":219,"column":4}}}},"statementMap":{"1":{"start":{"line":44,"column":8},"end":{"line":44,"column":36}},"2":{"start":{"line":45,"column":8},"end":{"line":45,"column":1757}},"3":{"start":{"line":46,"column":12},"end":{"line":46,"column":36}},"4":{"start":{"line":51,"column":8},"end":{"line":51,"column":39}},"5":{"start":{"line":53,"column":8},"end":{"line":53,"column":42}},"6":{"start":{"line":54,"column":8},"end":{"line":54,"column":29}},"7":{"start":{"line":58,"column":8},"end":{"line":58,"column":33}},"8":{"start":{"line":70,"column":8},"end":{"line":70,"column":33}},"9":{"start":{"line":71,"column":8},"end":{"line":71,"column":41}},"10":{"start":{"line":73,"column":8},"end":{"line":73,"column":2704}},"11":{"start":{"line":76,"column":8},"end":{"line":76,"column":46}},"12":{"start":{"line":79,"column":8},"end":{"line":79,"column":61}},"13":{"start":{"line":80,"column":8},"end":{"line":80,"column":2991}},"14":{"start":{"line":81,"column":12},"end":{"line":81,"column":40}},"15":{"start":{"line":83,"column":8},"end":{"line":83,"column":45}},"16":{"start":{"line":86,"column":8},"end":{"line":86,"column":67}},"17":{"start":{"line":87,"column":8},"end":{"line":87,"column":3309}},"18":{"start":{"line":89,"column":8},"end":{"line":89,"column":3395}},"19":{"start":{"line":90,"column":12},"end":{"line":90,"column":71}},"20":{"start":{"line":91,"column":12},"end":{"line":91,"column":40}},"21":{"start":{"line":92,"column":12},"end":{"line":92,"column":3547}},"22":{"start":{"line":97,"column":12},"end":{"line":97,"column":56}},"23":{"start":{"line":100,"column":8},"end":{"line":100,"column":3759}},"24":{"start":{"line":109,"column":8},"end":{"line":109,"column":4009}},"25":{"start":{"line":113,"column":8},"end":{"line":113,"column":4119}},"26":{"start":{"line":119,"column":8},"end":{"line":119,"column":40}},"27":{"start":{"line":120,"column":8},"end":{"line":120,"column":43}},"28":{"start":{"line":121,"column":8},"end":{"line":121,"column":43}},"29":{"start":{"line":133,"column":8},"end":{"line":133,"column":56}},"30":{"start":{"line":134,"column":8},"end":{"line":134,"column":33}},"31":{"start":{"line":135,"column":8},"end":{"line":135,"column":35}},"32":{"start":{"line":136,"column":8},"end":{"line":136,"column":38}},"33":{"start":{"line":137,"column":8},"end":{"line":137,"column":33}},"34":{"start":{"line":138,"column":8},"end":{"line":138,"column":4865}},"35":{"start":{"line":152,"column":8},"end":{"line":152,"column":5150}},"36":{"start":{"line":156,"column":8},"end":{"line":156,"column":39}},"37":{"start":{"line":160,"column":8},"end":{"line":160,"column":31}},"38":{"start":{"line":161,"column":8},"end":{"line":161,"column":25}},"39":{"start":{"line":169,"column":8},"end":{"line":169,"column":48}},"40":{"start":{"line":177,"column":8},"end":{"line":177,"column":5781}},"41":{"start":{"line":183,"column":8},"end":{"line":183,"column":5977}},"42":{"start":{"line":184,"column":12},"end":{"line":184,"column":6011}},"43":{"start":{"line":189,"column":12},"end":{"line":189,"column":72}},"44":{"start":{"line":190,"column":12},"end":{"line":190,"column":6245}},"45":{"start":{"line":199,"column":8},"end":{"line":199,"column":68}},"46":{"start":{"line":208,"column":8},"end":{"line":208,"column":45}},"47":{"start":{"line":217,"column":8},"end":{"line":217,"column":68}},"48":{"start":{"line":218,"column":8},"end":{"line":218,"column":72}}},"branchMap":{"1":{"line":44,"type":"if","locations":[{"start":{"line":44,"column":8},"end":{"line":44,"column":8}},{"start":{"line":44,"column":8},"end":{"line":44,"column":8}}]},"2":{"line":45,"type":"if","locations":[{"start":{"line":45,"column":8},"end":{"line":45,"column":8}},{"start":{"line":45,"column":8},"end":{"line":45,"column":8}}]},"3":{"line":51,"type":"if","locations":[{"start":{"line":51,"column":8},"end":{"line":51,"column":8}},{"start":{"line":51,"column":8},"end":{"line":51,"column":8}}]},"4":{"line":70,"type":"if","locations":[{"start":{"line":70,"column":8},"end":{"line":70,"column":8}},{"start":{"line":70,"column":8},"end":{"line":70,"column":8}}]},"5":{"line":71,"type":"if","locations":[{"start":{"line":71,"column":8},"end":{"line":71,"column":8}},{"start":{"line":71,"column":8},"end":{"line":71,"column":8}}]},"6":{"line":73,"type":"if","locations":[{"start":{"line":73,"column":8},"end":{"line":73,"column":8}},{"start":{"line":73,"column":8},"end":{"line":73,"column":8}}]},"7":{"line":76,"type":"if","locations":[{"start":{"line":76,"column":8},"end":{"line":76,"column":8}},{"start":{"line":76,"column":8},"end":{"line":76,"column":8}}]},"8":{"line":80,"type":"if","locations":[{"start":{"line":80,"column":8},"end":{"line":80,"column":8}},{"start":{"line":80,"column":8},"end":{"line":80,"column":8}}]},"9":{"line":83,"type":"if","locations":[{"start":{"line":83,"column":8},"end":{"line":83,"column":8}},{"start":{"line":83,"column":8},"end":{"line":83,"column":8}}]},"10":{"line":89,"type":"if","locations":[{"start":{"line":89,"column":8},"end":{"line":89,"column":8}},{"start":{"line":89,"column":8},"end":{"line":89,"column":8}}]},"11":{"line":91,"type":"if","locations":[{"start":{"line":91,"column":12},"end":{"line":91,"column":12}},{"start":{"line":91,"column":12},"end":{"line":91,"column":12}}]},"12":{"line":109,"type":"if","locations":[{"start":{"line":109,"column":8},"end":{"line":109,"column":8}},{"start":{"line":109,"column":8},"end":{"line":109,"column":8}}]},"13":{"line":113,"type":"if","locations":[{"start":{"line":113,"column":8},"end":{"line":113,"column":8}},{"start":{"line":113,"column":8},"end":{"line":113,"column":8}}]},"14":{"line":119,"type":"if","locations":[{"start":{"line":119,"column":8},"end":{"line":119,"column":8}},{"start":{"line":119,"column":8},"end":{"line":119,"column":8}}]},"15":{"line":120,"type":"if","locations":[{"start":{"line":120,"column":8},"end":{"line":120,"column":8}},{"start":{"line":120,"column":8},"end":{"line":120,"column":8}}]},"16":{"line":133,"type":"if","locations":[{"start":{"line":133,"column":8},"end":{"line":133,"column":8}},{"start":{"line":133,"column":8},"end":{"line":133,"column":8}}]},"17":{"line":152,"type":"if","locations":[{"start":{"line":152,"column":8},"end":{"line":152,"column":8}},{"start":{"line":152,"column":8},"end":{"line":152,"column":8}}]},"18":{"line":183,"type":"if","locations":[{"start":{"line":183,"column":8},"end":{"line":183,"column":8}},{"start":{"line":183,"column":8},"end":{"line":183,"column":8}}]},"19":{"line":184,"type":"if","locations":[{"start":{"line":184,"column":12},"end":{"line":184,"column":12}},{"start":{"line":184,"column":12},"end":{"line":184,"column":12}}]},"20":{"line":190,"type":"if","locations":[{"start":{"line":190,"column":12},"end":{"line":190,"column":12}},{"start":{"line":190,"column":12},"end":{"line":190,"column":12}}]},"21":{"line":217,"type":"if","locations":[{"start":{"line":217,"column":8},"end":{"line":217,"column":8}},{"start":{"line":217,"column":8},"end":{"line":217,"column":8}}]}}},
"src/contracts/NiftyCrateOpener.sol":{"l":{"20":3,"24":101,"25":101,"26":10100,"27":10100,"32":0,"36":155,"37":155,"38":155,"39":155,"40":155,"41":155,"43":155,"44":155,"59":155,"60":155,"61":155,"62":155,"63":155,"64":155,"65":155,"67":155,"71":155,"72":155,"74":0,"77":0,"85":155,"96":155,"97":155,"98":155},"path":"/Users/abhishekchadha/Desktop/crate-contrats/src/contracts/NiftyCrateOpener.sol","s":{"1":3,"2":101,"3":101,"4":10100,"5":0,"6":155,"7":155,"8":155,"9":155,"10":155,"11":155,"12":155,"13":155,"14":155,"15":155,"16":155,"17":155,"18":155,"19":155,"20":155,"21":155,"22":155,"23":155,"24":0,"25":0,"26":0,"27":155,"28":155},"b":{"1":[101,0],"2":[155,0],"3":[155,0],"4":[155,0],"5":[155,0],"6":[0,0]},"f":{"1":3,"2":101,"3":0,"4":155,"5":155,"6":155},"fnMap":{"1":{"name":"constructor","line":19,"loc":{"start":{"line":19,"column":4},"end":{"line":21,"column":4}}},"2":{"name":"generateNonces","line":23,"loc":{"start":{"line":23,"column":4},"end":{"line":29,"column":4}}},"3":{"name":"numberOfNonces","line":31,"loc":{"start":{"line":31,"column":4},"end":{"line":33,"column":4}}},"4":{"name":"_getUserNonce","line":35,"loc":{"start":{"line":35,"column":4},"end":{"line":45,"column":4}}},"5":{"name":"open","line":47,"loc":{"start":{"line":47,"column":4},"end":{"line":78,"column":4}}},"6":{"name":"_randomUserTokenNonce","line":80,"loc":{"start":{"line":80,"column":4},"end":{"line":99,"column":4}}}},"statementMap":{"1":{"start":{"line":20,"column":8},"end":{"line":20,"column":43}},"2":{"start":{"line":24,"column":8},"end":{"line":24,"column":34}},"3":{"start":{"line":25,"column":8},"end":{"line":25,"column":593}},"4":{"start":{"line":26,"column":12},"end":{"line":26,"column":57}},"5":{"start":{"line":32,"column":8},"end":{"line":32,"column":42}},"6":{"start":{"line":36,"column":8},"end":{"line":36,"column":49}},"7":{"start":{"line":37,"column":8},"end":{"line":37,"column":23}},"8":{"start":{"line":38,"column":8},"end":{"line":38,"column":54}},"9":{"start":{"line":39,"column":8},"end":{"line":39,"column":1081}},"10":{"start":{"line":40,"column":12},"end":{"line":40,"column":56}},"11":{"start":{"line":41,"column":12},"end":{"line":41,"column":41}},"12":{"start":{"line":43,"column":8},"end":{"line":43,"column":33}},"13":{"start":{"line":44,"column":8},"end":{"line":44,"column":27}},"14":{"start":{"line":59,"column":8},"end":{"line":59,"column":79}},"15":{"start":{"line":60,"column":8},"end":{"line":60,"column":31}},"16":{"start":{"line":61,"column":8},"end":{"line":61,"column":68}},"17":{"start":{"line":62,"column":8},"end":{"line":62,"column":48}},"18":{"start":{"line":63,"column":8},"end":{"line":63,"column":1750}},"19":{"start":{"line":64,"column":12},"end":{"line":64,"column":66}},"20":{"start":{"line":65,"column":12},"end":{"line":65,"column":1920}},"21":{"start":{"line":67,"column":12},"end":{"line":67,"column":2012}},"22":{"start":{"line":71,"column":12},"end":{"line":71,"column":2148}},"23":{"start":{"line":72,"column":16},"end":{"line":72,"column":52}},"24":{"start":{"line":73,"column":19},"end":{"line":73,"column":2274}},"25":{"start":{"line":74,"column":16},"end":{"line":74,"column":52}},"26":{"start":{"line":77,"column":8},"end":{"line":77,"column":37}},"27":{"start":{"line":85,"column":8},"end":{"line":85,"column":2554}},"28":{"start":{"line":98,"column":8},"end":{"line":98,"column":20}}},"branchMap":{"1":{"line":24,"type":"if","locations":[{"start":{"line":24,"column":8},"end":{"line":24,"column":8}},{"start":{"line":24,"column":8},"end":{"line":24,"column":8}}]},"2":{"line":37,"type":"if","locations":[{"start":{"line":37,"column":8},"end":{"line":37,"column":8}},{"start":{"line":37,"column":8},"end":{"line":37,"column":8}}]},"3":{"line":39,"type":"if","locations":[{"start":{"line":39,"column":8},"end":{"line":39,"column":8}},{"start":{"line":39,"column":8},"end":{"line":39,"column":8}}]},"4":{"line":60,"type":"if","locations":[{"start":{"line":60,"column":8},"end":{"line":60,"column":8}},{"start":{"line":60,"column":8},"end":{"line":60,"column":8}}]},"5":{"line":71,"type":"if","locations":[{"start":{"line":71,"column":12},"end":{"line":71,"column":12}},{"start":{"line":71,"column":12},"end":{"line":71,"column":12}}]},"6":{"line":73,"type":"if","locations":[{"start":{"line":73,"column":19},"end":{"line":73,"column":19}},{"start":{"line":73,"column":19},"end":{"line":73,"column":19}}]}}},
"src/contracts/NiftyRanking.sol":{"l":{"17":0,"18":0,"19":0},"path":"/Users/abhishekchadha/Desktop/crate-contrats/src/contracts/NiftyRanking.sol","s":{"1":0,"2":0,"3":0},"b":{"1":[0,0]},"f":{"1":0},"fnMap":{"1":{"name":"setTokenRanking","line":12,"loc":{"start":{"line":12,"column":4},"end":{"line":20,"column":4}}}},"statementMap":{"1":{"start":{"line":17,"column":8},"end":{"line":17,"column":55}},"2":{"start":{"line":18,"column":8},"end":{"line":18,"column":52}},"3":{"start":{"line":19,"column":8},"end":{"line":19,"column":72}}},"branchMap":{"1":{"line":17,"type":"if","locations":[{"start":{"line":17,"column":8},"end":{"line":17,"column":8}},{"start":{"line":17,"column":8},"end":{"line":17,"column":8}}]}}},
"src/contracts/SenderAccessControl.sol":{"l":{"19":0,"29":0,"33":1,"37":1},"path":"/Users/abhishekchadha/Desktop/crate-contrats/src/contracts/SenderAccessControl.sol","s":{"1":0,"2":0,"3":1,"4":1},"b":{},"f":{"1":0,"2":0,"3":1,"4":1},"fnMap":{"1":{"name":"senderIsEnabled","line":14,"loc":{"start":{"line":14,"column":4},"end":{"line":22,"column":4}}},"2":{"name":"allSendersEnabled","line":24,"loc":{"start":{"line":24,"column":4},"end":{"line":30,"column":4}}},"3":{"name":"setSenderEnabled","line":32,"loc":{"start":{"line":32,"column":4},"end":{"line":34,"column":4}}},"4":{"name":"setAllSendersEnabled","line":36,"loc":{"start":{"line":36,"column":4},"end":{"line":38,"column":4}}}},"statementMap":{"1":{"start":{"line":19,"column":8},"end":{"line":19,"column":581}},"2":{"start":{"line":29,"column":8},"end":{"line":29,"column":48}},"3":{"start":{"line":33,"column":8},"end":{"line":33,"column":60}},"4":{"start":{"line":37,"column":8},"end":{"line":37,"column":48}}},"branchMap":{}},
"src/contracts/TestNFT.sol":{"l":{"14":1,"18":6,"19":6,"20":10},"path":"/Users/abhishekchadha/Desktop/crate-contrats/src/contracts/TestNFT.sol","s":{"1":1,"2":6,"3":6,"4":10},"b":{"1":[6,0]},"f":{"1":2,"2":1,"3":6},"fnMap":{"1":{"name":"constructor","line":10,"loc":{"start":{"line":8,"column":4},"end":{"line":11,"column":5}}},"2":{"name":"mint","line":13,"loc":{"start":{"line":13,"column":4},"end":{"line":15,"column":4}}},"3":{"name":"mint","line":17,"loc":{"start":{"line":17,"column":4},"end":{"line":22,"column":4}}}},"statementMap":{"1":{"start":{"line":14,"column":8},"end":{"line":14,"column":34}},"2":{"start":{"line":18,"column":8},"end":{"line":18,"column":72}},"3":{"start":{"line":19,"column":8},"end":{"line":19,"column":503}},"4":{"start":{"line":20,"column":12},"end":{"line":20,"column":42}}},"branchMap":{"1":{"line":18,"type":"if","locations":[{"start":{"line":18,"column":8},"end":{"line":18,"column":8}},{"start":{"line":18,"column":8},"end":{"line":18,"column":8}}]}}},
"src/contracts/TopDownComposable.sol":{"l":{"40":467,"41":467,"54":155,"55":155,"57":0,"71":155,"72":155,"73":155,"74":155,"83":0,"87":0,"88":0,"89":0,"95":0,"96":0,"104":0,"108":0,"109":0,"114":0,"115":0,"116":0,"125":156,"126":156,"127":156,"130":156,"131":156,"133":156,"134":156,"139":156,"140":156,"141":156,"149":155,"150":155,"151":155,"155":92,"157":92,"158":92,"161":155,"162":155,"163":155,"171":156,"172":156,"175":156,"183":0,"184":0,"185":0,"186":0,"192":0,"193":0,"195":0},"path":"/Users/abhishekchadha/Desktop/crate-contrats/src/contracts/TopDownComposable.sol","s":{"1":467,"2":467,"3":155,"4":155,"5":0,"6":155,"7":155,"8":155,"9":155,"10":0,"11":0,"12":0,"13":0,"14":0,"15":0,"16":0,"17":0,"18":0,"19":0,"20":0,"21":0,"22":156,"23":156,"24":156,"25":156,"26":156,"27":156,"28":156,"29":156,"30":156,"31":155,"32":155,"33":155,"34":92,"35":92,"36":92,"37":155,"38":155,"39":155,"40":156,"41":156,"42":156,"43":0,"44":0,"45":0,"46":0,"47":0,"48":0},"b":{"1":[467,0],"2":[155,0],"3":[155,0],"4":[155,0],"5":[0,0],"6":[0,0],"7":[0,0],"8":[0,0],"9":[0,0],"10":[156,0],"11":[156,0],"12":[156,0],"13":[92,63],"14":[0,0]},"f":{"1":3,"2":467,"3":155,"4":155,"5":0,"6":0,"7":156,"8":155,"9":156,"10":0},"fnMap":{"1":{"name":"constructor","line":31,"loc":{"start":{"line":29,"column":4},"end":{"line":32,"column":5}}},"2":{"name":"numberOfChildren","line":34,"loc":{"start":{"line":34,"column":4},"end":{"line":42,"column":4}}},"3":{"name":"parentToken","line":44,"loc":{"start":{"line":44,"column":4},"end":{"line":63,"column":4}}},"4":{"name":"childAtIndex","line":65,"loc":{"start":{"line":65,"column":4},"end":{"line":75,"column":4}}},"5":{"name":"safeTransferChild","line":77,"loc":{"start":{"line":77,"column":4},"end":{"line":97,"column":4}}},"6":{"name":"safeTransferChild","line":99,"loc":{"start":{"line":99,"column":4},"end":{"line":117,"column":4}}},"7":{"name":"onERC721Received","line":119,"loc":{"start":{"line":119,"column":4},"end":{"line":142,"column":4}}},"8":{"name":"_removeChild","line":144,"loc":{"start":{"line":144,"column":4},"end":{"line":164,"column":4}}},"9":{"name":"_receiveChild","line":166,"loc":{"start":{"line":166,"column":4},"end":{"line":176,"column":4}}},"10":{"name":"_decompose","line":178,"loc":{"start":{"line":178,"column":4},"end":{"line":196,"column":4}}}},"statementMap":{"1":{"start":{"line":40,"column":8},"end":{"line":40,"column":34}},"2":{"start":{"line":41,"column":8},"end":{"line":41,"column":45}},"3":{"start":{"line":54,"column":8},"end":{"line":54,"column":1429}},"4":{"start":{"line":55,"column":12},"end":{"line":55,"column":32}},"5":{"start":{"line":57,"column":12},"end":{"line":57,"column":1546}},"6":{"start":{"line":71,"column":8},"end":{"line":71,"column":34}},"7":{"start":{"line":72,"column":8},"end":{"line":72,"column":57}},"8":{"start":{"line":73,"column":8},"end":{"line":73,"column":69}},"9":{"start":{"line":74,"column":8},"end":{"line":74,"column":50}},"10":{"start":{"line":83,"column":8},"end":{"line":83,"column":2266}},"11":{"start":{"line":87,"column":8},"end":{"line":87,"column":56}},"12":{"start":{"line":88,"column":8},"end":{"line":88,"column":26}},"13":{"start":{"line":89,"column":8},"end":{"line":89,"column":2473}},"14":{"start":{"line":95,"column":8},"end":{"line":95,"column":54}},"15":{"start":{"line":96,"column":8},"end":{"line":96,"column":53}},"16":{"start":{"line":104,"column":8},"end":{"line":104,"column":2877}},"17":{"start":{"line":108,"column":8},"end":{"line":108,"column":56}},"18":{"start":{"line":109,"column":8},"end":{"line":109,"column":3055}},"19":{"start":{"line":114,"column":8},"end":{"line":114,"column":26}},"20":{"start":{"line":115,"column":8},"end":{"line":115,"column":54}},"21":{"start":{"line":116,"column":8},"end":{"line":116,"column":57}},"22":{"start":{"line":125,"column":8},"end":{"line":125,"column":43}},"23":{"start":{"line":126,"column":8},"end":{"line":126,"column":24}},"24":{"start":{"line":130,"column":8},"end":{"line":130,"column":3719}},"25":{"start":{"line":131,"column":12},"end":{"line":131,"column":58}},"26":{"start":{"line":133,"column":8},"end":{"line":133,"column":51}},"27":{"start":{"line":134,"column":8},"end":{"line":134,"column":3876}},"28":{"start":{"line":139,"column":8},"end":{"line":139,"column":52}},"29":{"start":{"line":140,"column":8},"end":{"line":140,"column":52}},"30":{"start":{"line":141,"column":8},"end":{"line":141,"column":30}},"31":{"start":{"line":149,"column":8},"end":{"line":149,"column":70}},"32":{"start":{"line":150,"column":8},"end":{"line":150,"column":69}},"33":{"start":{"line":151,"column":8},"end":{"line":151,"column":4484}},"34":{"start":{"line":155,"column":16},"end":{"line":155,"column":4647}},"35":{"start":{"line":157,"column":12},"end":{"line":157,"column":90}},"36":{"start":{"line":158,"column":12},"end":{"line":158,"column":4820}},"37":{"start":{"line":161,"column":8},"end":{"line":161,"column":52}},"38":{"start":{"line":162,"column":8},"end":{"line":162,"column":48}},"39":{"start":{"line":163,"column":8},"end":{"line":163,"column":36}},"40":{"start":{"line":171,"column":8},"end":{"line":171,"column":70}},"41":{"start":{"line":172,"column":8},"end":{"line":172,"column":5261}},"42":{"start":{"line":175,"column":8},"end":{"line":175,"column":56}},"43":{"start":{"line":183,"column":8},"end":{"line":183,"column":34}},"44":{"start":{"line":184,"column":8},"end":{"line":184,"column":5589}},"45":{"start":{"line":185,"column":12},"end":{"line":185,"column":68}},"46":{"start":{"line":186,"column":12},"end":{"line":186,"column":5738}},"47":{"start":{"line":192,"column":12},"end":{"line":192,"column":72}},"48":{"start":{"line":193,"column":12},"end":{"line":193,"column":76}}},"branchMap":{"1":{"line":40,"type":"if","locations":[{"start":{"line":40,"column":8},"end":{"line":40,"column":8}},{"start":{"line":40,"column":8},"end":{"line":40,"column":8}}]},"2":{"line":54,"type":"if","locations":[{"start":{"line":54,"column":8},"end":{"line":54,"column":8}},{"start":{"line":54,"column":8},"end":{"line":54,"column":8}}]},"3":{"line":71,"type":"if","locations":[{"start":{"line":71,"column":8},"end":{"line":71,"column":8}},{"start":{"line":71,"column":8},"end":{"line":71,"column":8}}]},"4":{"line":72,"type":"if","locations":[{"start":{"line":72,"column":8},"end":{"line":72,"column":8}},{"start":{"line":72,"column":8},"end":{"line":72,"column":8}}]},"5":{"line":87,"type":"if","locations":[{"start":{"line":87,"column":8},"end":{"line":87,"column":8}},{"start":{"line":87,"column":8},"end":{"line":87,"column":8}}]},"6":{"line":88,"type":"if","locations":[{"start":{"line":88,"column":8},"end":{"line":88,"column":8}},{"start":{"line":88,"column":8},"end":{"line":88,"column":8}}]},"7":{"line":108,"type":"if","locations":[{"start":{"line":108,"column":8},"end":{"line":108,"column":8}},{"start":{"line":108,"column":8},"end":{"line":108,"column":8}}]},"8":{"line":109,"type":"if","locations":[{"start":{"line":109,"column":8},"end":{"line":109,"column":8}},{"start":{"line":109,"column":8},"end":{"line":109,"column":8}}]},"9":{"line":114,"type":"if","locations":[{"start":{"line":114,"column":8},"end":{"line":114,"column":8}},{"start":{"line":114,"column":8},"end":{"line":114,"column":8}}]},"10":{"line":125,"type":"if","locations":[{"start":{"line":125,"column":8},"end":{"line":125,"column":8}},{"start":{"line":125,"column":8},"end":{"line":125,"column":8}}]},"11":{"line":130,"type":"if","locations":[{"start":{"line":130,"column":8},"end":{"line":130,"column":8}},{"start":{"line":130,"column":8},"end":{"line":130,"column":8}}]},"12":{"line":134,"type":"if","locations":[{"start":{"line":134,"column":8},"end":{"line":134,"column":8}},{"start":{"line":134,"column":8},"end":{"line":134,"column":8}}]},"13":{"line":151,"type":"if","locations":[{"start":{"line":151,"column":8},"end":{"line":151,"column":8}},{"start":{"line":151,"column":8},"end":{"line":151,"column":8}}]},"14":{"line":183,"type":"if","locations":[{"start":{"line":183,"column":8},"end":{"line":183,"column":8}},{"start":{"line":183,"column":8},"end":{"line":183,"column":8}}]}}}}
