TN:
SF:/Users/abhishekchadha/Desktop/crate-contrats/src/contracts/ERC721Factory.sol
FN:10,constructor
FN:14,deployToken
FNF:2
FNH:2
FNDA:3,constructor
FNDA:2,deployToken
DA:18,2
DA:19,2
DA:20,2
LF:3
LH:3
BRF:0
BRH:0
end_of_record
TN:
SF:/Users/abhishekchadha/Desktop/crate-contrats/src/contracts/interfaces/ISenderAccessControl.sol
FNF:0
FNH:0
LF:0
LH:0
BRF:0
BRH:0
end_of_record
TN:
SF:/Users/abhishekchadha/Desktop/crate-contrats/src/contracts/interfaces/ITopDownComposable.sol
FNF:0
FNH:0
LF:0
LH:0
BRF:0
BRH:0
end_of_record
TN:
SF:/Users/abhishekchadha/Desktop/crate-contrats/src/contracts/NiftyCrate.sol
FN:43,constructor
FN:50,mint
FN:57,setCrateOpener
FN:64,open
FN:118,buy
FN:126,configure
FN:147,safeTransferAllChildren
FN:159,setFees
FN:167,setTokenIsEnabled
FN:172,setTokenRanking
FN:202,tokenIsEnabled
FN:211,onERC721Received
FNF:12
FNH:8
FNDA:3,constructor
FNDA:2,mint
FNDA:1,setCrateOpener
FNDA:157,open
FNDA:0,buy
FNDA:3,configure
FNDA:0,safeTransferAllChildren
FNDA:2,setFees
FNDA:2,setTokenIsEnabled
FNDA:0,setTokenRanking
FNDA:0,tokenIsEnabled
FNDA:156,onERC721Received
DA:44,3
DA:45,3
DA:46,0
DA:51,2
DA:53,2
DA:54,2
DA:58,1
DA:70,157
DA:71,157
DA:73,157
DA:76,155
DA:79,155
DA:80,155
DA:81,155
DA:83,155
DA:86,155
DA:87,155
DA:89,155
DA:90,155
DA:91,155
DA:92,155
DA:97,155
DA:100,155
DA:109,155
DA:110,155
DA:113,155
DA:114,155
DA:119,0
DA:120,0
DA:121,0
DA:133,3
DA:134,3
DA:135,3
DA:136,3
DA:137,3
DA:138,3
DA:152,0
DA:156,0
DA:160,2
DA:161,2
DA:169,2
DA:177,0
DA:183,0
DA:184,0
DA:189,0
DA:190,0
DA:199,0
DA:208,0
DA:217,156
DA:218,156
LF:50
LH:37
BRDA:44,1,0,3
BRDA:44,1,1,0
BRDA:45,2,0,0
BRDA:45,2,1,3
BRDA:51,3,0,2
BRDA:51,3,1,0
BRDA:70,4,0,157
BRDA:70,4,1,0
BRDA:71,5,0,157
BRDA:71,5,1,0
BRDA:73,6,0,155
BRDA:73,6,1,2
BRDA:76,7,0,155
BRDA:76,7,1,0
BRDA:80,8,0,155
BRDA:80,8,1,0
BRDA:83,9,0,155
BRDA:83,9,1,0
BRDA:89,10,0,155
BRDA:89,10,1,0
BRDA:91,11,0,155
BRDA:91,11,1,0
BRDA:109,12,0,155
BRDA:109,12,1,0
BRDA:113,13,0,155
BRDA:113,13,1,0
BRDA:119,14,0,0
BRDA:119,14,1,0
BRDA:120,15,0,0
BRDA:120,15,1,0
BRDA:133,16,0,3
BRDA:133,16,1,0
BRDA:152,17,0,0
BRDA:152,17,1,0
BRDA:183,18,0,0
BRDA:183,18,1,0
BRDA:184,19,0,0
BRDA:184,19,1,0
BRDA:190,20,0,0
BRDA:190,20,1,0
BRDA:217,21,0,156
BRDA:217,21,1,0
BRF:42
BRH:16
end_of_record
TN:
SF:/Users/abhishekchadha/Desktop/crate-contrats/src/contracts/NiftyCrateOpener.sol
FN:19,constructor
FN:23,generateNonces
FN:31,numberOfNonces
FN:35,_getUserNonce
FN:47,open
FN:80,_randomUserTokenNonce
FNF:6
FNH:5
FNDA:3,constructor
FNDA:101,generateNonces
FNDA:0,numberOfNonces
FNDA:155,_getUserNonce
FNDA:155,open
FNDA:155,_randomUserTokenNonce
DA:20,3
DA:24,101
DA:25,101
DA:26,10100
DA:27,10100
DA:32,0
DA:36,155
DA:37,155
DA:38,155
DA:39,155
DA:40,155
DA:41,155
DA:43,155
DA:44,155
DA:59,155
DA:60,155
DA:61,155
DA:62,155
DA:63,155
DA:64,155
DA:65,155
DA:67,155
DA:71,155
DA:72,155
DA:74,0
DA:77,0
DA:85,155
DA:96,155
DA:97,155
DA:98,155
LF:30
LH:27
BRDA:24,1,0,101
BRDA:24,1,1,0
BRDA:37,2,0,155
BRDA:37,2,1,0
BRDA:39,3,0,155
BRDA:39,3,1,0
BRDA:60,4,0,155
BRDA:60,4,1,0
BRDA:71,5,0,155
BRDA:71,5,1,0
BRDA:73,6,0,0
BRDA:73,6,1,0
BRF:12
BRH:5
end_of_record
TN:
SF:/Users/abhishekchadha/Desktop/crate-contrats/src/contracts/NiftyRanking.sol
FN:12,setTokenRanking
FNF:1
FNH:0
FNDA:0,setTokenRanking
DA:17,0
DA:18,0
DA:19,0
LF:3
LH:0
BRDA:17,1,0,0
BRDA:17,1,1,0
BRF:2
BRH:0
end_of_record
TN:
SF:/Users/abhishekchadha/Desktop/crate-contrats/src/contracts/SenderAccessControl.sol
FN:14,senderIsEnabled
FN:24,allSendersEnabled
FN:32,setSenderEnabled
FN:36,setAllSendersEnabled
FNF:4
FNH:2
FNDA:0,senderIsEnabled
FNDA:0,allSendersEnabled
FNDA:1,setSenderEnabled
FNDA:1,setAllSendersEnabled
DA:19,0
DA:29,0
DA:33,1
DA:37,1
LF:4
LH:2
BRF:0
BRH:0
end_of_record
TN:
SF:/Users/abhishekchadha/Desktop/crate-contrats/src/contracts/TestNFT.sol
FN:10,constructor
FN:13,mint
FN:17,mint
FNF:3
FNH:3
FNDA:2,constructor
FNDA:1,mint
FNDA:6,mint
DA:14,1
DA:18,6
DA:19,6
DA:20,10
LF:4
LH:4
BRDA:18,1,0,6
BRDA:18,1,1,0
BRF:2
BRH:1
end_of_record
TN:
SF:/Users/abhishekchadha/Desktop/crate-contrats/src/contracts/TopDownComposable.sol
FN:31,constructor
FN:34,numberOfChildren
FN:44,parentToken
FN:65,childAtIndex
FN:77,safeTransferChild
FN:99,safeTransferChild
FN:119,onERC721Received
FN:144,_removeChild
FN:166,_receiveChild
FN:178,_decompose
FNF:10
FNH:7
FNDA:3,constructor
FNDA:467,numberOfChildren
FNDA:155,parentToken
FNDA:155,childAtIndex
FNDA:0,safeTransferChild
FNDA:0,safeTransferChild
FNDA:156,onERC721Received
FNDA:155,_removeChild
FNDA:156,_receiveChild
FNDA:0,_decompose
DA:40,467
DA:41,467
DA:54,155
DA:55,155
DA:57,0
DA:71,155
DA:72,155
DA:73,155
DA:74,155
DA:83,0
DA:87,0
DA:88,0
DA:89,0
DA:95,0
DA:96,0
DA:104,0
DA:108,0
DA:109,0
DA:114,0
DA:115,0
DA:116,0
DA:125,156
DA:126,156
DA:127,156
DA:130,156
DA:131,156
DA:133,156
DA:134,156
DA:139,156
DA:140,156
DA:141,156
DA:149,155
DA:150,155
DA:151,155
DA:155,92
DA:157,92
DA:158,92
DA:161,155
DA:162,155
DA:163,155
DA:171,156
DA:172,156
DA:175,156
DA:183,0
DA:184,0
DA:185,0
DA:186,0
DA:192,0
DA:193,0
DA:195,0
LF:50
LH:30
BRDA:40,1,0,467
BRDA:40,1,1,0
BRDA:54,2,0,155
BRDA:54,2,1,0
BRDA:71,3,0,155
BRDA:71,3,1,0
BRDA:72,4,0,155
BRDA:72,4,1,0
BRDA:87,5,0,0
BRDA:87,5,1,0
BRDA:88,6,0,0
BRDA:88,6,1,0
BRDA:108,7,0,0
BRDA:108,7,1,0
BRDA:109,8,0,0
BRDA:109,8,1,0
BRDA:114,9,0,0
BRDA:114,9,1,0
BRDA:125,10,0,156
BRDA:125,10,1,0
BRDA:130,11,0,156
BRDA:130,11,1,0
BRDA:134,12,0,156
BRDA:134,12,1,0
BRDA:151,13,0,92
BRDA:151,13,1,63
BRDA:183,14,0,0
BRDA:183,14,1,0
BRF:28
BRH:9
end_of_record
